  MiddleCode.cpp
  MipsCode.cpp
  OptimizationCode.cpp
e:\vs2017text\compile_3\compile_1\optimizationcode.h(55): warning C4018: “<”: 有符号/无符号不匹配
e:\vs2017text\compile_3\compile_1\optimizationcode.h(64): warning C4018: “<”: 有符号/无符号不匹配
e:\vs2017text\compile_3\compile_1\optimizationcode.h(92): warning C4018: “<”: 有符号/无符号不匹配
e:\vs2017text\compile_3\compile_1\optimizationcode.h(148): warning C4018: “<”: 有符号/无符号不匹配
e:\vs2017text\compile_3\compile_1\optimizationcode.h(156): warning C4018: “<”: 有符号/无符号不匹配
e:\vs2017text\compile_3\compile_1\optimizationcode.cpp(18): warning C4018: “<”: 有符号/无符号不匹配
e:\vs2017text\compile_3\compile_1\optimizationcode.cpp(30): warning C4018: “<”: 有符号/无符号不匹配
e:\vs2017text\compile_3\compile_1\optimizationcode.cpp(57): warning C4018: “<”: 有符号/无符号不匹配
e:\vs2017text\compile_3\compile_1\optimizationcode.cpp(58): warning C4018: “<”: 有符号/无符号不匹配
e:\vs2017text\compile_3\compile_1\optimizationcode.cpp(66): warning C4018: “<”: 有符号/无符号不匹配
e:\vs2017text\compile_3\compile_1\optimizationcode.cpp(75): warning C4018: “<”: 有符号/无符号不匹配
e:\vs2017text\compile_3\compile_1\optimizationcode.cpp(89): warning C4018: “<”: 有符号/无符号不匹配
e:\vs2017text\compile_3\compile_1\optimizationcode.cpp(268): warning C4018: “<”: 有符号/无符号不匹配
e:\vs2017text\compile_3\compile_1\optimizationcode.cpp(269): warning C4018: “<”: 有符号/无符号不匹配
e:\vs2017text\compile_3\compile_1\optimizationcode.cpp(280): warning C4018: “<”: 有符号/无符号不匹配
e:\vs2017text\compile_3\compile_1\optimizationcode.cpp(372): warning C4018: “<”: 有符号/无符号不匹配
e:\vs2017text\compile_3\compile_1\optimizationcode.cpp(431): warning C4018: “<”: 有符号/无符号不匹配
e:\vs2017text\compile_3\compile_1\optimizationcode.cpp(441): warning C4018: “<”: 有符号/无符号不匹配
e:\vs2017text\compile_3\compile_1\optimizationcode.cpp(445): warning C4018: “<”: 有符号/无符号不匹配
e:\vs2017text\compile_3\compile_1\optimizationcode.cpp(508): warning C4018: “<”: 有符号/无符号不匹配
e:\vs2017text\compile_3\compile_1\optimizationcode.cpp(520): warning C4018: “<”: 有符号/无符号不匹配
e:\vs2017text\compile_3\compile_1\optimizationcode.cpp(529): warning C4018: “<”: 有符号/无符号不匹配
  Parser.cpp
  compile_1.cpp
e:\vs2017text\compile_3\compile_1\optimizationcode.h(55): warning C4018: “<”: 有符号/无符号不匹配
e:\vs2017text\compile_3\compile_1\optimizationcode.h(64): warning C4018: “<”: 有符号/无符号不匹配
e:\vs2017text\compile_3\compile_1\optimizationcode.h(92): warning C4018: “<”: 有符号/无符号不匹配
e:\vs2017text\compile_3\compile_1\optimizationcode.h(148): warning C4018: “<”: 有符号/无符号不匹配
e:\vs2017text\compile_3\compile_1\optimizationcode.h(156): warning C4018: “<”: 有符号/无符号不匹配
  正在生成代码...
  compile_1.vcxproj -> E:\vs2017text\compile_3\Debug\compile_1.exe
